<?xml version="1.0" encoding="UTF-8"?>
<testsuite xmlns:xsi="http://www.w3.org/2001/XMLSchema-instance" xsi:noNamespaceSchemaLocation="https://maven.apache.org/surefire/maven-surefire-plugin/xsd/surefire-test-report-3.0.xsd" version="3.0" name="TestSuite" time="200.98" tests="12" errors="0" skipped="0" failures="2">
  <properties>
    <property name="sun.desktop" value="windows"/>
    <property name="awt.toolkit" value="sun.awt.windows.WToolkit"/>
    <property name="file.encoding.pkg" value="sun.io"/>
    <property name="java.specification.version" value="1.8"/>
    <property name="webdriver.chrome.driver" value="C:\Users\san9-\.cache\selenium\chromedriver\win32\97.0.4692.71\chromedriver.exe"/>
    <property name="sun.cpu.isalist" value="amd64"/>
    <property name="sun.jnu.encoding" value="Cp1252"/>
    <property name="java.class.path" value="F:\Demo2\Demo2\SecondDemo\target\test-classes;F:\Demo2\Demo2\SecondDemo\target\classes;C:\Users\san9-\.m2\repository\org\testng\testng\7.1.0\testng-7.1.0.jar;C:\Users\san9-\.m2\repository\com\beust\jcommander\1.72\jcommander-1.72.jar;C:\Users\san9-\.m2\repository\com\google\inject\guice\4.1.0\guice-4.1.0-no_aop.jar;C:\Users\san9-\.m2\repository\javax\inject\javax.inject\1\javax.inject-1.jar;C:\Users\san9-\.m2\repository\aopalliance\aopalliance\1.0\aopalliance-1.0.jar;C:\Users\san9-\.m2\repository\org\yaml\snakeyaml\1.21\snakeyaml-1.21.jar;C:\Users\san9-\.m2\repository\org\seleniumhq\selenium\selenium-java\4.1.1\selenium-java-4.1.1.jar;C:\Users\san9-\.m2\repository\org\seleniumhq\selenium\selenium-api\4.1.1\selenium-api-4.1.1.jar;C:\Users\san9-\.m2\repository\org\seleniumhq\selenium\selenium-chrome-driver\4.1.1\selenium-chrome-driver-4.1.1.jar;C:\Users\san9-\.m2\repository\com\google\auto\service\auto-service-annotations\1.0.1\auto-service-annotations-1.0.1.jar;C:\Users\san9-\.m2\repository\com\google\auto\service\auto-service\1.0.1\auto-service-1.0.1.jar;C:\Users\san9-\.m2\repository\com\google\auto\auto-common\1.2\auto-common-1.2.jar;C:\Users\san9-\.m2\repository\org\seleniumhq\selenium\selenium-chromium-driver\4.1.1\selenium-chromium-driver-4.1.1.jar;C:\Users\san9-\.m2\repository\org\seleniumhq\selenium\selenium-json\4.1.1\selenium-json-4.1.1.jar;C:\Users\san9-\.m2\repository\org\seleniumhq\selenium\selenium-devtools-v85\4.1.1\selenium-devtools-v85-4.1.1.jar;C:\Users\san9-\.m2\repository\org\seleniumhq\selenium\selenium-devtools-v94\4.1.1\selenium-devtools-v94-4.1.1.jar;C:\Users\san9-\.m2\repository\org\seleniumhq\selenium\selenium-devtools-v95\4.1.1\selenium-devtools-v95-4.1.1.jar;C:\Users\san9-\.m2\repository\org\seleniumhq\selenium\selenium-devtools-v96\4.1.1\selenium-devtools-v96-4.1.1.jar;C:\Users\san9-\.m2\repository\org\seleniumhq\selenium\selenium-edge-driver\4.1.1\selenium-edge-driver-4.1.1.jar;C:\Users\san9-\.m2\repository\org\seleniumhq\selenium\selenium-firefox-driver\4.1.1\selenium-firefox-driver-4.1.1.jar;C:\Users\san9-\.m2\repository\org\seleniumhq\selenium\selenium-firefox-xpi-driver\4.1.1\selenium-firefox-xpi-driver-4.1.1.jar;C:\Users\san9-\.m2\repository\org\seleniumhq\selenium\selenium-ie-driver\4.1.1\selenium-ie-driver-4.1.1.jar;C:\Users\san9-\.m2\repository\org\seleniumhq\selenium\selenium-opera-driver\4.1.1\selenium-opera-driver-4.1.1.jar;C:\Users\san9-\.m2\repository\org\seleniumhq\selenium\selenium-remote-driver\4.1.1\selenium-remote-driver-4.1.1.jar;C:\Users\san9-\.m2\repository\io\netty\netty-buffer\4.1.70.Final\netty-buffer-4.1.70.Final.jar;C:\Users\san9-\.m2\repository\io\netty\netty-codec-http\4.1.70.Final\netty-codec-http-4.1.70.Final.jar;C:\Users\san9-\.m2\repository\io\netty\netty-codec\4.1.70.Final\netty-codec-4.1.70.Final.jar;C:\Users\san9-\.m2\repository\io\netty\netty-handler\4.1.70.Final\netty-handler-4.1.70.Final.jar;C:\Users\san9-\.m2\repository\io\netty\netty-common\4.1.70.Final\netty-common-4.1.70.Final.jar;C:\Users\san9-\.m2\repository\io\netty\netty-transport-classes-epoll\4.1.70.Final\netty-transport-classes-epoll-4.1.70.Final.jar;C:\Users\san9-\.m2\repository\io\netty\netty-transport-classes-kqueue\4.1.70.Final\netty-transport-classes-kqueue-4.1.70.Final.jar;C:\Users\san9-\.m2\repository\io\netty\netty-transport-native-unix-common\4.1.70.Final\netty-transport-native-unix-common-4.1.70.Final.jar;C:\Users\san9-\.m2\repository\io\netty\netty-transport\4.1.70.Final\netty-transport-4.1.70.Final.jar;C:\Users\san9-\.m2\repository\io\netty\netty-resolver\4.1.70.Final\netty-resolver-4.1.70.Final.jar;C:\Users\san9-\.m2\repository\io\opentelemetry\opentelemetry-api\1.9.1\opentelemetry-api-1.9.1.jar;C:\Users\san9-\.m2\repository\io\opentelemetry\opentelemetry-context\1.9.1\opentelemetry-context-1.9.1.jar;C:\Users\san9-\.m2\repository\io\opentelemetry\opentelemetry-exporter-logging\1.9.1\opentelemetry-exporter-logging-1.9.1.jar;C:\Users\san9-\.m2\repository\io\opentelemetry\opentelemetry-sdk-metrics\1.9.1-alpha\opentelemetry-sdk-metrics-1.9.1-alpha.jar;C:\Users\san9-\.m2\repository\io\opentelemetry\opentelemetry-sdk-logs\1.9.1-alpha\opentelemetry-sdk-logs-1.9.1-alpha.jar;C:\Users\san9-\.m2\repository\io\opentelemetry\opentelemetry-sdk-common\1.9.1\opentelemetry-sdk-common-1.9.1.jar;C:\Users\san9-\.m2\repository\io\opentelemetry\opentelemetry-sdk-extension-autoconfigure-spi\1.9.1\opentelemetry-sdk-extension-autoconfigure-spi-1.9.1.jar;C:\Users\san9-\.m2\repository\io\opentelemetry\opentelemetry-sdk-extension-autoconfigure\1.9.1-alpha\opentelemetry-sdk-extension-autoconfigure-1.9.1-alpha.jar;C:\Users\san9-\.m2\repository\io\opentelemetry\opentelemetry-sdk-trace\1.9.1\opentelemetry-sdk-trace-1.9.1.jar;C:\Users\san9-\.m2\repository\io\opentelemetry\opentelemetry-api-metrics\1.9.1-alpha\opentelemetry-api-metrics-1.9.1-alpha.jar;C:\Users\san9-\.m2\repository\io\opentelemetry\opentelemetry-sdk\1.9.1\opentelemetry-sdk-1.9.1.jar;C:\Users\san9-\.m2\repository\io\opentelemetry\opentelemetry-semconv\1.9.1-alpha\opentelemetry-semconv-1.9.1-alpha.jar;C:\Users\san9-\.m2\repository\io\ous\jtoml\2.0.0\jtoml-2.0.0.jar;C:\Users\san9-\.m2\repository\net\bytebuddy\byte-buddy\1.12.2\byte-buddy-1.12.2.jar;C:\Users\san9-\.m2\repository\org\apache\commons\commons-exec\1.3\commons-exec-1.3.jar;C:\Users\san9-\.m2\repository\org\asynchttpclient\async-http-client\2.12.3\async-http-client-2.12.3.jar;C:\Users\san9-\.m2\repository\org\asynchttpclient\async-http-client-netty-utils\2.12.3\async-http-client-netty-utils-2.12.3.jar;C:\Users\san9-\.m2\repository\io\netty\netty-codec-socks\4.1.60.Final\netty-codec-socks-4.1.60.Final.jar;C:\Users\san9-\.m2\repository\io\netty\netty-handler-proxy\4.1.60.Final\netty-handler-proxy-4.1.60.Final.jar;C:\Users\san9-\.m2\repository\io\netty\netty-transport-native-epoll\4.1.60.Final\netty-transport-native-epoll-4.1.60.Final-linux-x86_64.jar;C:\Users\san9-\.m2\repository\io\netty\netty-transport-native-kqueue\4.1.60.Final\netty-transport-native-kqueue-4.1.60.Final-osx-x86_64.jar;C:\Users\san9-\.m2\repository\org\reactivestreams\reactive-streams\1.0.3\reactive-streams-1.0.3.jar;C:\Users\san9-\.m2\repository\com\typesafe\netty\netty-reactive-streams\2.0.4\netty-reactive-streams-2.0.4.jar;C:\Users\san9-\.m2\repository\com\sun\activation\jakarta.activation\1.2.2\jakarta.activation-1.2.2.jar;C:\Users\san9-\.m2\repository\org\seleniumhq\selenium\selenium-http\4.1.1\selenium-http-4.1.1.jar;C:\Users\san9-\.m2\repository\net\jodah\failsafe\2.4.4\failsafe-2.4.4.jar;C:\Users\san9-\.m2\repository\org\seleniumhq\selenium\selenium-safari-driver\4.1.1\selenium-safari-driver-4.1.1.jar;C:\Users\san9-\.m2\repository\org\seleniumhq\selenium\selenium-support\4.1.1\selenium-support-4.1.1.jar;C:\Users\san9-\.m2\repository\io\github\bonigarcia\webdrivermanager\5.0.3\webdrivermanager-5.0.3.jar;C:\Users\san9-\.m2\repository\org\slf4j\slf4j-api\1.7.32\slf4j-api-1.7.32.jar;C:\Users\san9-\.m2\repository\com\google\code\gson\gson\2.8.8\gson-2.8.8.jar;C:\Users\san9-\.m2\repository\org\jsoup\jsoup\1.14.2\jsoup-1.14.2.jar;C:\Users\san9-\.m2\repository\com\github\docker-java\docker-java\3.2.12\docker-java-3.2.12.jar;C:\Users\san9-\.m2\repository\com\github\docker-java\docker-java-core\3.2.12\docker-java-core-3.2.12.jar;C:\Users\san9-\.m2\repository\com\github\docker-java\docker-java-api\3.2.12\docker-java-api-3.2.12.jar;C:\Users\san9-\.m2\repository\com\fasterxml\jackson\core\jackson-annotations\2.10.3\jackson-annotations-2.10.3.jar;C:\Users\san9-\.m2\repository\commons-io\commons-io\2.6\commons-io-2.6.jar;C:\Users\san9-\.m2\repository\org\apache\commons\commons-compress\1.21\commons-compress-1.21.jar;C:\Users\san9-\.m2\repository\commons-lang\commons-lang\2.6\commons-lang-2.6.jar;C:\Users\san9-\.m2\repository\com\fasterxml\jackson\core\jackson-databind\2.10.3\jackson-databind-2.10.3.jar;C:\Users\san9-\.m2\repository\com\fasterxml\jackson\core\jackson-core\2.10.3\jackson-core-2.10.3.jar;C:\Users\san9-\.m2\repository\org\bouncycastle\bcpkix-jdk15on\1.64\bcpkix-jdk15on-1.64.jar;C:\Users\san9-\.m2\repository\org\bouncycastle\bcprov-jdk15on\1.64\bcprov-jdk15on-1.64.jar;C:\Users\san9-\.m2\repository\org\slf4j\jcl-over-slf4j\1.7.30\jcl-over-slf4j-1.7.30.jar;C:\Users\san9-\.m2\repository\com\github\docker-java\docker-java-transport-httpclient5\3.2.12\docker-java-transport-httpclient5-3.2.12.jar;C:\Users\san9-\.m2\repository\com\github\docker-java\docker-java-transport\3.2.12\docker-java-transport-3.2.12.jar;C:\Users\san9-\.m2\repository\org\apache\httpcomponents\client5\httpclient5\5.0.3\httpclient5-5.0.3.jar;C:\Users\san9-\.m2\repository\org\apache\httpcomponents\core5\httpcore5\5.0.2\httpcore5-5.0.2.jar;C:\Users\san9-\.m2\repository\commons-codec\commons-codec\1.13\commons-codec-1.13.jar;C:\Users\san9-\.m2\repository\net\java\dev\jna\jna\5.8.0\jna-5.8.0.jar;C:\Users\san9-\.m2\repository\com\google\guava\guava\30.1.1-jre\guava-30.1.1-jre.jar;C:\Users\san9-\.m2\repository\com\google\guava\failureaccess\1.0.1\failureaccess-1.0.1.jar;C:\Users\san9-\.m2\repository\com\google\guava\listenablefuture\9999.0-empty-to-avoid-conflict-with-guava\listenablefuture-9999.0-empty-to-avoid-conflict-with-guava.jar;C:\Users\san9-\.m2\repository\com\google\code\findbugs\jsr305\3.0.2\jsr305-3.0.2.jar;C:\Users\san9-\.m2\repository\org\checkerframework\checker-qual\3.8.0\checker-qual-3.8.0.jar;C:\Users\san9-\.m2\repository\com\google\errorprone\error_prone_annotations\2.5.1\error_prone_annotations-2.5.1.jar;C:\Users\san9-\.m2\repository\com\google\j2objc\j2objc-annotations\1.3\j2objc-annotations-1.3.jar;C:\Users\san9-\.m2\repository\org\brotli\dec\0.1.2\dec-0.1.2.jar;C:\Users\san9-\.m2\repository\io\qameta\allure\allure-testng\2.17.2\allure-testng-2.17.2.jar;C:\Users\san9-\.m2\repository\io\qameta\allure\allure-java-commons\2.17.2\allure-java-commons-2.17.2.jar;C:\Users\san9-\.m2\repository\io\qameta\allure\allure-model\2.17.2\allure-model-2.17.2.jar;C:\Users\san9-\.m2\repository\io\qameta\allure\allure-test-filter\2.17.2\allure-test-filter-2.17.2.jar;"/>
    <property name="java.vm.vendor" value="Temurin"/>
    <property name="sun.arch.data.model" value="64"/>
    <property name="user.variant" value=""/>
    <property name="java.vendor.url" value="https://adoptium.net/"/>
    <property name="user.timezone" value="Europe/Helsinki"/>
    <property name="java.vm.specification.version" value="1.8"/>
    <property name="os.name" value="Windows 10"/>
    <property name="user.country" value="RU"/>
    <property name="sun.java.launcher" value="SUN_STANDARD"/>
    <property name="sun.boot.library.path" value="C:\Tools\jdk\jdk-8.0.322.6-hotspot\jre\bin"/>
    <property name="sun.java.command" value="C:\Users\san9-\AppData\Local\Temp\surefire6322303944203860118\surefirebooter1207113086608659021.jar C:\Users\san9-\AppData\Local\Temp\surefire6322303944203860118 2022-02-04T08-49-57_309-jvmRun1 surefire5095001050931065394tmp surefire_0690948310193322974tmp"/>
    <property name="surefire.test.class.path" value="F:\Demo2\Demo2\SecondDemo\target\test-classes;F:\Demo2\Demo2\SecondDemo\target\classes;C:\Users\san9-\.m2\repository\org\testng\testng\7.1.0\testng-7.1.0.jar;C:\Users\san9-\.m2\repository\com\beust\jcommander\1.72\jcommander-1.72.jar;C:\Users\san9-\.m2\repository\com\google\inject\guice\4.1.0\guice-4.1.0-no_aop.jar;C:\Users\san9-\.m2\repository\javax\inject\javax.inject\1\javax.inject-1.jar;C:\Users\san9-\.m2\repository\aopalliance\aopalliance\1.0\aopalliance-1.0.jar;C:\Users\san9-\.m2\repository\org\yaml\snakeyaml\1.21\snakeyaml-1.21.jar;C:\Users\san9-\.m2\repository\org\seleniumhq\selenium\selenium-java\4.1.1\selenium-java-4.1.1.jar;C:\Users\san9-\.m2\repository\org\seleniumhq\selenium\selenium-api\4.1.1\selenium-api-4.1.1.jar;C:\Users\san9-\.m2\repository\org\seleniumhq\selenium\selenium-chrome-driver\4.1.1\selenium-chrome-driver-4.1.1.jar;C:\Users\san9-\.m2\repository\com\google\auto\service\auto-service-annotations\1.0.1\auto-service-annotations-1.0.1.jar;C:\Users\san9-\.m2\repository\com\google\auto\service\auto-service\1.0.1\auto-service-1.0.1.jar;C:\Users\san9-\.m2\repository\com\google\auto\auto-common\1.2\auto-common-1.2.jar;C:\Users\san9-\.m2\repository\org\seleniumhq\selenium\selenium-chromium-driver\4.1.1\selenium-chromium-driver-4.1.1.jar;C:\Users\san9-\.m2\repository\org\seleniumhq\selenium\selenium-json\4.1.1\selenium-json-4.1.1.jar;C:\Users\san9-\.m2\repository\org\seleniumhq\selenium\selenium-devtools-v85\4.1.1\selenium-devtools-v85-4.1.1.jar;C:\Users\san9-\.m2\repository\org\seleniumhq\selenium\selenium-devtools-v94\4.1.1\selenium-devtools-v94-4.1.1.jar;C:\Users\san9-\.m2\repository\org\seleniumhq\selenium\selenium-devtools-v95\4.1.1\selenium-devtools-v95-4.1.1.jar;C:\Users\san9-\.m2\repository\org\seleniumhq\selenium\selenium-devtools-v96\4.1.1\selenium-devtools-v96-4.1.1.jar;C:\Users\san9-\.m2\repository\org\seleniumhq\selenium\selenium-edge-driver\4.1.1\selenium-edge-driver-4.1.1.jar;C:\Users\san9-\.m2\repository\org\seleniumhq\selenium\selenium-firefox-driver\4.1.1\selenium-firefox-driver-4.1.1.jar;C:\Users\san9-\.m2\repository\org\seleniumhq\selenium\selenium-firefox-xpi-driver\4.1.1\selenium-firefox-xpi-driver-4.1.1.jar;C:\Users\san9-\.m2\repository\org\seleniumhq\selenium\selenium-ie-driver\4.1.1\selenium-ie-driver-4.1.1.jar;C:\Users\san9-\.m2\repository\org\seleniumhq\selenium\selenium-opera-driver\4.1.1\selenium-opera-driver-4.1.1.jar;C:\Users\san9-\.m2\repository\org\seleniumhq\selenium\selenium-remote-driver\4.1.1\selenium-remote-driver-4.1.1.jar;C:\Users\san9-\.m2\repository\io\netty\netty-buffer\4.1.70.Final\netty-buffer-4.1.70.Final.jar;C:\Users\san9-\.m2\repository\io\netty\netty-codec-http\4.1.70.Final\netty-codec-http-4.1.70.Final.jar;C:\Users\san9-\.m2\repository\io\netty\netty-codec\4.1.70.Final\netty-codec-4.1.70.Final.jar;C:\Users\san9-\.m2\repository\io\netty\netty-handler\4.1.70.Final\netty-handler-4.1.70.Final.jar;C:\Users\san9-\.m2\repository\io\netty\netty-common\4.1.70.Final\netty-common-4.1.70.Final.jar;C:\Users\san9-\.m2\repository\io\netty\netty-transport-classes-epoll\4.1.70.Final\netty-transport-classes-epoll-4.1.70.Final.jar;C:\Users\san9-\.m2\repository\io\netty\netty-transport-classes-kqueue\4.1.70.Final\netty-transport-classes-kqueue-4.1.70.Final.jar;C:\Users\san9-\.m2\repository\io\netty\netty-transport-native-unix-common\4.1.70.Final\netty-transport-native-unix-common-4.1.70.Final.jar;C:\Users\san9-\.m2\repository\io\netty\netty-transport\4.1.70.Final\netty-transport-4.1.70.Final.jar;C:\Users\san9-\.m2\repository\io\netty\netty-resolver\4.1.70.Final\netty-resolver-4.1.70.Final.jar;C:\Users\san9-\.m2\repository\io\opentelemetry\opentelemetry-api\1.9.1\opentelemetry-api-1.9.1.jar;C:\Users\san9-\.m2\repository\io\opentelemetry\opentelemetry-context\1.9.1\opentelemetry-context-1.9.1.jar;C:\Users\san9-\.m2\repository\io\opentelemetry\opentelemetry-exporter-logging\1.9.1\opentelemetry-exporter-logging-1.9.1.jar;C:\Users\san9-\.m2\repository\io\opentelemetry\opentelemetry-sdk-metrics\1.9.1-alpha\opentelemetry-sdk-metrics-1.9.1-alpha.jar;C:\Users\san9-\.m2\repository\io\opentelemetry\opentelemetry-sdk-logs\1.9.1-alpha\opentelemetry-sdk-logs-1.9.1-alpha.jar;C:\Users\san9-\.m2\repository\io\opentelemetry\opentelemetry-sdk-common\1.9.1\opentelemetry-sdk-common-1.9.1.jar;C:\Users\san9-\.m2\repository\io\opentelemetry\opentelemetry-sdk-extension-autoconfigure-spi\1.9.1\opentelemetry-sdk-extension-autoconfigure-spi-1.9.1.jar;C:\Users\san9-\.m2\repository\io\opentelemetry\opentelemetry-sdk-extension-autoconfigure\1.9.1-alpha\opentelemetry-sdk-extension-autoconfigure-1.9.1-alpha.jar;C:\Users\san9-\.m2\repository\io\opentelemetry\opentelemetry-sdk-trace\1.9.1\opentelemetry-sdk-trace-1.9.1.jar;C:\Users\san9-\.m2\repository\io\opentelemetry\opentelemetry-api-metrics\1.9.1-alpha\opentelemetry-api-metrics-1.9.1-alpha.jar;C:\Users\san9-\.m2\repository\io\opentelemetry\opentelemetry-sdk\1.9.1\opentelemetry-sdk-1.9.1.jar;C:\Users\san9-\.m2\repository\io\opentelemetry\opentelemetry-semconv\1.9.1-alpha\opentelemetry-semconv-1.9.1-alpha.jar;C:\Users\san9-\.m2\repository\io\ous\jtoml\2.0.0\jtoml-2.0.0.jar;C:\Users\san9-\.m2\repository\net\bytebuddy\byte-buddy\1.12.2\byte-buddy-1.12.2.jar;C:\Users\san9-\.m2\repository\org\apache\commons\commons-exec\1.3\commons-exec-1.3.jar;C:\Users\san9-\.m2\repository\org\asynchttpclient\async-http-client\2.12.3\async-http-client-2.12.3.jar;C:\Users\san9-\.m2\repository\org\asynchttpclient\async-http-client-netty-utils\2.12.3\async-http-client-netty-utils-2.12.3.jar;C:\Users\san9-\.m2\repository\io\netty\netty-codec-socks\4.1.60.Final\netty-codec-socks-4.1.60.Final.jar;C:\Users\san9-\.m2\repository\io\netty\netty-handler-proxy\4.1.60.Final\netty-handler-proxy-4.1.60.Final.jar;C:\Users\san9-\.m2\repository\io\netty\netty-transport-native-epoll\4.1.60.Final\netty-transport-native-epoll-4.1.60.Final-linux-x86_64.jar;C:\Users\san9-\.m2\repository\io\netty\netty-transport-native-kqueue\4.1.60.Final\netty-transport-native-kqueue-4.1.60.Final-osx-x86_64.jar;C:\Users\san9-\.m2\repository\org\reactivestreams\reactive-streams\1.0.3\reactive-streams-1.0.3.jar;C:\Users\san9-\.m2\repository\com\typesafe\netty\netty-reactive-streams\2.0.4\netty-reactive-streams-2.0.4.jar;C:\Users\san9-\.m2\repository\com\sun\activation\jakarta.activation\1.2.2\jakarta.activation-1.2.2.jar;C:\Users\san9-\.m2\repository\org\seleniumhq\selenium\selenium-http\4.1.1\selenium-http-4.1.1.jar;C:\Users\san9-\.m2\repository\net\jodah\failsafe\2.4.4\failsafe-2.4.4.jar;C:\Users\san9-\.m2\repository\org\seleniumhq\selenium\selenium-safari-driver\4.1.1\selenium-safari-driver-4.1.1.jar;C:\Users\san9-\.m2\repository\org\seleniumhq\selenium\selenium-support\4.1.1\selenium-support-4.1.1.jar;C:\Users\san9-\.m2\repository\io\github\bonigarcia\webdrivermanager\5.0.3\webdrivermanager-5.0.3.jar;C:\Users\san9-\.m2\repository\org\slf4j\slf4j-api\1.7.32\slf4j-api-1.7.32.jar;C:\Users\san9-\.m2\repository\com\google\code\gson\gson\2.8.8\gson-2.8.8.jar;C:\Users\san9-\.m2\repository\org\jsoup\jsoup\1.14.2\jsoup-1.14.2.jar;C:\Users\san9-\.m2\repository\com\github\docker-java\docker-java\3.2.12\docker-java-3.2.12.jar;C:\Users\san9-\.m2\repository\com\github\docker-java\docker-java-core\3.2.12\docker-java-core-3.2.12.jar;C:\Users\san9-\.m2\repository\com\github\docker-java\docker-java-api\3.2.12\docker-java-api-3.2.12.jar;C:\Users\san9-\.m2\repository\com\fasterxml\jackson\core\jackson-annotations\2.10.3\jackson-annotations-2.10.3.jar;C:\Users\san9-\.m2\repository\commons-io\commons-io\2.6\commons-io-2.6.jar;C:\Users\san9-\.m2\repository\org\apache\commons\commons-compress\1.21\commons-compress-1.21.jar;C:\Users\san9-\.m2\repository\commons-lang\commons-lang\2.6\commons-lang-2.6.jar;C:\Users\san9-\.m2\repository\com\fasterxml\jackson\core\jackson-databind\2.10.3\jackson-databind-2.10.3.jar;C:\Users\san9-\.m2\repository\com\fasterxml\jackson\core\jackson-core\2.10.3\jackson-core-2.10.3.jar;C:\Users\san9-\.m2\repository\org\bouncycastle\bcpkix-jdk15on\1.64\bcpkix-jdk15on-1.64.jar;C:\Users\san9-\.m2\repository\org\bouncycastle\bcprov-jdk15on\1.64\bcprov-jdk15on-1.64.jar;C:\Users\san9-\.m2\repository\org\slf4j\jcl-over-slf4j\1.7.30\jcl-over-slf4j-1.7.30.jar;C:\Users\san9-\.m2\repository\com\github\docker-java\docker-java-transport-httpclient5\3.2.12\docker-java-transport-httpclient5-3.2.12.jar;C:\Users\san9-\.m2\repository\com\github\docker-java\docker-java-transport\3.2.12\docker-java-transport-3.2.12.jar;C:\Users\san9-\.m2\repository\org\apache\httpcomponents\client5\httpclient5\5.0.3\httpclient5-5.0.3.jar;C:\Users\san9-\.m2\repository\org\apache\httpcomponents\core5\httpcore5\5.0.2\httpcore5-5.0.2.jar;C:\Users\san9-\.m2\repository\commons-codec\commons-codec\1.13\commons-codec-1.13.jar;C:\Users\san9-\.m2\repository\net\java\dev\jna\jna\5.8.0\jna-5.8.0.jar;C:\Users\san9-\.m2\repository\com\google\guava\guava\30.1.1-jre\guava-30.1.1-jre.jar;C:\Users\san9-\.m2\repository\com\google\guava\failureaccess\1.0.1\failureaccess-1.0.1.jar;C:\Users\san9-\.m2\repository\com\google\guava\listenablefuture\9999.0-empty-to-avoid-conflict-with-guava\listenablefuture-9999.0-empty-to-avoid-conflict-with-guava.jar;C:\Users\san9-\.m2\repository\com\google\code\findbugs\jsr305\3.0.2\jsr305-3.0.2.jar;C:\Users\san9-\.m2\repository\org\checkerframework\checker-qual\3.8.0\checker-qual-3.8.0.jar;C:\Users\san9-\.m2\repository\com\google\errorprone\error_prone_annotations\2.5.1\error_prone_annotations-2.5.1.jar;C:\Users\san9-\.m2\repository\com\google\j2objc\j2objc-annotations\1.3\j2objc-annotations-1.3.jar;C:\Users\san9-\.m2\repository\org\brotli\dec\0.1.2\dec-0.1.2.jar;C:\Users\san9-\.m2\repository\io\qameta\allure\allure-testng\2.17.2\allure-testng-2.17.2.jar;C:\Users\san9-\.m2\repository\io\qameta\allure\allure-java-commons\2.17.2\allure-java-commons-2.17.2.jar;C:\Users\san9-\.m2\repository\io\qameta\allure\allure-model\2.17.2\allure-model-2.17.2.jar;C:\Users\san9-\.m2\repository\io\qameta\allure\allure-test-filter\2.17.2\allure-test-filter-2.17.2.jar;"/>
    <property name="sun.cpu.endian" value="little"/>
    <property name="user.home" value="C:\Users\san9-"/>
    <property name="user.language" value="ru"/>
    <property name="java.specification.vendor" value="Oracle Corporation"/>
    <property name="java.home" value="C:\Tools\jdk\jdk-8.0.322.6-hotspot\jre"/>
    <property name="basedir" value="F:\Demo2\Demo2\SecondDemo"/>
    <property name="file.separator" value="\"/>
    <property name="line.separator" value="&#10;"/>
    <property name="java.vm.specification.vendor" value="Oracle Corporation"/>
    <property name="java.specification.name" value="Java Platform API Specification"/>
    <property name="java.awt.graphicsenv" value="sun.awt.Win32GraphicsEnvironment"/>
    <property name="surefire.real.class.path" value="C:\Users\san9-\AppData\Local\Temp\surefire6322303944203860118\surefirebooter1207113086608659021.jar;C:\Users\san9-\.m2\repository/org/aspectj/aspectjweaver/1.9.8.RC3/aspectjweaver-1.9.8.RC3.jar"/>
    <property name="sun.boot.class.path" value="C:\Tools\jdk\jdk-8.0.322.6-hotspot\jre\lib\resources.jar;C:\Tools\jdk\jdk-8.0.322.6-hotspot\jre\lib\rt.jar;C:\Tools\jdk\jdk-8.0.322.6-hotspot\jre\lib\sunrsasign.jar;C:\Tools\jdk\jdk-8.0.322.6-hotspot\jre\lib\jsse.jar;C:\Tools\jdk\jdk-8.0.322.6-hotspot\jre\lib\jce.jar;C:\Tools\jdk\jdk-8.0.322.6-hotspot\jre\lib\charsets.jar;C:\Tools\jdk\jdk-8.0.322.6-hotspot\jre\lib\jfr.jar;C:\Tools\jdk\jdk-8.0.322.6-hotspot\jre\classes"/>
    <property name="user.script" value=""/>
    <property name="sun.management.compiler" value="HotSpot 64-Bit Tiered Compilers"/>
    <property name="java.runtime.version" value="1.8.0_322-b06"/>
    <property name="user.name" value="san9-"/>
    <property name="path.separator" value=";"/>
    <property name="os.version" value="10.0"/>
    <property name="java.endorsed.dirs" value="C:\Tools\jdk\jdk-8.0.322.6-hotspot\jre\lib\endorsed"/>
    <property name="java.runtime.name" value="OpenJDK Runtime Environment"/>
    <property name="file.encoding" value="Cp1252"/>
    <property name="sun.nio.ch.bugLevel" value=""/>
    <property name="java.vm.name" value="OpenJDK 64-Bit Server VM"/>
    <property name="localRepository" value="C:\Users\san9-\.m2\repository"/>
    <property name="java.vendor.url.bug" value="https://github.com/adoptium/adoptium-support/issues"/>
    <property name="java.io.tmpdir" value="C:\Users\san9-\AppData\Local\Temp\"/>
    <property name="java.version" value="1.8.0_322"/>
    <property name="user.dir" value="F:\Demo2\Demo2\SecondDemo"/>
    <property name="os.arch" value="amd64"/>
    <property name="java.vm.specification.name" value="Java Virtual Machine Specification"/>
    <property name="java.awt.printerjob" value="sun.awt.windows.WPrinterJob"/>
    <property name="sun.os.patch.level" value=""/>
    <property name="java.library.path" value="C:\Tools\jdk\jdk-8.0.322.6-hotspot\jre\bin;C:\WINDOWS\Sun\Java\bin;C:\WINDOWS\system32;C:\WINDOWS;C:\Tools\jdk\jdk-8.0.322.6-hotspot\bin;C:\Program Files\Common Files\Oracle\Java\javapath;C:\Program Files (x86)\Common Files\Oracle\Java\javapath;C:\Program Files (x86)\Intel\iCLS Client\;C:\Program Files\Intel\iCLS Client\;C:\Windows\system32;C:\Windows;C:\Windows\System32\Wbem;C:\Windows\System32\WindowsPowerShell\v1.0\;C:\Windows\System32\OpenSSH\;C:\Program Files (x86)\Intel\Intel(R) Management Engine Components\DAL;C:\Program Files\Intel\Intel(R) Management Engine Components\DAL;C:\Program Files (x86)\Intel\Intel(R) Management Engine Components\IPT;C:\Program Files\Intel\Intel(R) Management Engine Components\IPT;C:\Program Files\Intel\WiFi\bin\;C:\Program Files\Common Files\Intel\WirelessCommon\;C:\Program Files (x86)\NVIDIA Corporation\PhysX\Common;C:\Program Files\NVIDIA Corporation\NVIDIA NvDLISR;C:\Program Files\dotnet\;C:\Program Files\Microsoft SQL Server\130\Tools\Binn\;C:\Program Files\Microsoft SQL Server\Client SDK\ODBC\170\Tools\Binn\;C:\WINDOWS\system32;C:\WINDOWS;C:\WINDOWS\System32\Wbem;C:\WINDOWS\System32\WindowsPowerShell\v1.0\;C:\WINDOWS\System32\OpenSSH\;C:\Program Files\nodejs\;C:\Program Files (x86)\QuickTime\QTSystem\;C:\Program Files (x86)\Microsoft SQL Server\150\DTS\Binn\;C:\Program Files\Git\cmd;G:\maven\apache-maven-3.8.4-bin\apache-maven-3.8.4\bin;C:\Tools\jdk\jdk-8.0.322.6-hotspot\bin;C:\Program Files\Java\javamail-1.4.7;G:\allure-2.17.2\bin;C:\Tools\jdk\jdk-8.0.322.6-hotspot;C:\Users\san9-\AppData\Local\Microsoft\WindowsApps;C:\Program Files\Intel\WiFi\bin\;C:\Program Files\Common Files\Intel\WirelessCommon\;C:\Users\san9-\AppData\Local\Programs\Microsoft VS Code\bin;C:\Users\san9-\.dotnet\tools;C:\Users\san9-\AppData\Roaming\npm;C:\Users\san9-\AppData\Local\Microsoft\WindowsApps;C:\Program Files\Azure Data Studio\bin;;."/>
    <property name="java.vm.info" value="mixed mode"/>
    <property name="java.vendor" value="Temurin"/>
    <property name="java.vm.version" value="25.322-b06"/>
    <property name="java.ext.dirs" value="C:\Tools\jdk\jdk-8.0.322.6-hotspot\jre\lib\ext;C:\WINDOWS\Sun\Java\lib\ext"/>
    <property name="sun.io.unicode.encoding" value="UnicodeLittle"/>
    <property name="java.class.version" value="52.0"/>
  </properties>
  <testcase name="CheckAttractionsPageSearch" classname="tests.CheckAttractionsPageSearch" time="17.504">
    <system-out><![CDATA[https://www.booking.com/index.ru.html?label=gen173nr-1BCAEoggI46AdIM1gEaOkBiAEBmAEhuAEXyAEM2AEB6AEBiAIBqAIDuAKfmfOPBsACAdICJGNiNDJkYjQ2LTczODAtNGNhNy1hYzM3LTQ0ZGIxMWY4ZDUzM9gCBeACAQ;sid=7743e55081cca0313ba16a3e3f59ca88;keep_landing=1&sb_price_type=total&
Attractions Page button is enabled: true
https://www.booking.com/attractions/index.ru.html?label=gen173nr-1FCAEoggI46AdIM1gEaOkBiAEBmAEhuAEXyAEM2AEB6AEB-AELiAIBqAIDuAKfmfOPBsACAdICJGNiNDJkYjQ2LTczODAtNGNhNy1hYzM3LTQ0ZGIxMWY4ZDUzM9gCBuACAQ;sid=7743e55081cca0313ba16a3e3f59ca88
Находите и бронируйте отличные варианты досуга
Nant is displayed: true
https://www.booking.com/attractions/searchresults/fr/nantes.ru.html?label=gen173nr-1FCAEoggI46AdIM1gEaOkBiAEBmAEhuAEXyAEM2AEB6AEB-AELiAIBqAIDuAKfmfOPBsACAdICJGNiNDJkYjQ2LTczODAtNGNhNy1hYzM3LTQ0ZGIxMWY4ZDUzM9gCBuACAQ&aid=304142&sid=7743e55081cca0313ba16a3e3f59ca88&source=search_box
Нант
]]></system-out>
    <system-err><![CDATA[SLF4J: Failed to load class "org.slf4j.impl.StaticLoggerBinder".
SLF4J: Defaulting to no-operation (NOP) logger implementation
SLF4J: See http://www.slf4j.org/codes.html#StaticLoggerBinder for further details.
Starting ChromeDriver 97.0.4692.71 (adefa7837d02a07a604c1e6eff0b3a09422ab88d-refs/branch-heads/4692@{#1247}) on port 55347
Only local connections are allowed.
Please see https://chromedriver.chromium.org/security-considerations for suggestions on keeping ChromeDriver safe.
ChromeDriver was started successfully.
??? 04, 2022 8:50:06 AM org.openqa.selenium.remote.ProtocolHandshake createSession
INFO: Detected dialect: W3C
??? 04, 2022 8:50:07 AM org.openqa.selenium.devtools.CdpVersionFinder findNearestMatch
WARNING: Unable to find an exact match for CDP version 97, so returning the closest version found: 96
??? 04, 2022 8:50:07 AM org.openqa.selenium.devtools.CdpVersionFinder findNearestMatch
INFO: Found CDP implementation for version 97 of 96
]]></system-err>
  </testcase>
  <testcase name="checkCarRentalCoronavirusPage" classname="tests.CheckCarRentalCoronavirusPage" time="11.329">
    <system-out><![CDATA[https://www.booking.com/index.ru.html?label=gen173nr-1BCAEoggI46AdIM1gEaOkBiAEBmAEhuAEXyAEM2AEB6AEBiAIBqAIDuAKumfOPBsACAdICJGRlMmMzZmRlLWE0YWQtNGE4MS05YjcwLTNkZjYyY2YwYWIzNdgCBeACAQ;sid=ed344bb5fb9030502159f0a36a46ef40;keep_landing=1&sb_price_type=total&
Menu items: 8
Car rentals page is displayed:true
Clean cars info block is displayed: true
Title of Clean cars info block: Чистые автомобили. Гибкие условия бронирования. Соблюдение дистанции в пунктах проката.
Find out how link is enabled: true
Title of Find out how link: Как мы это делаем
Help Center page is displayed:true
Title of Car rental coronavirus page: Аренда автомобилей для любой поездки
]]></system-out>
    <system-err><![CDATA[Starting ChromeDriver 97.0.4692.71 (adefa7837d02a07a604c1e6eff0b3a09422ab88d-refs/branch-heads/4692@{#1247}) on port 49781
Only local connections are allowed.
Please see https://chromedriver.chromium.org/security-considerations for suggestions on keeping ChromeDriver safe.
ChromeDriver was started successfully.
??? 04, 2022 8:50:22 AM org.openqa.selenium.remote.ProtocolHandshake createSession
INFO: Detected dialect: W3C
??? 04, 2022 8:50:22 AM org.openqa.selenium.devtools.CdpVersionFinder findNearestMatch
WARNING: Unable to find an exact match for CDP version 97, so returning the closest version found: 96
??? 04, 2022 8:50:22 AM org.openqa.selenium.devtools.CdpVersionFinder findNearestMatch
INFO: Found CDP implementation for version 97 of 96
]]></system-err>
  </testcase>
  <testcase name="CheckCurrencyChangeAttractionPage" classname="tests.CheckCurrencyChangeAttractionPage" time="18.636">
    <system-out><![CDATA[https://www.booking.com/index.ru.html?label=gen173nr-1BCAEoggI46AdIM1gEaOkBiAEBmAEhuAEXyAEM2AEB6AEBiAIBqAIDuAK6mfOPBsACAdICJDY0ZmY3NTRkLWM1Y2MtNGM2Yi04ZTYyLWJlYjI1ZmNlYmJlONgCBeACAQ;sid=b37dcb93e81f75515223d6e9855a421c;keep_landing=1&sb_price_type=total&
Attractions Page button is enabled: true
https://www.booking.com/attractions/index.ru.html?label=gen173nr-1FCAEoggI46AdIM1gEaOkBiAEBmAEhuAEXyAEM2AEB6AEB-AELiAIBqAIDuAK6mfOPBsACAdICJDY0ZmY3NTRkLWM1Y2MtNGM2Yi04ZTYyLWJlYjI1ZmNlYmJlONgCBuACAQ;sid=b37dcb93e81f75515223d6e9855a421c
Находите и бронируйте отличные варианты досуга
Nant is displayed: true
https://www.booking.com/attractions/searchresults/fr/nantes.ru.html?label=gen173nr-1FCAEoggI46AdIM1gEaOkBiAEBmAEhuAEXyAEM2AEB6AEB-AELiAIBqAIDuAK6mfOPBsACAdICJDY0ZmY3NTRkLWM1Y2MtNGM2Yi04ZTYyLWJlYjI1ZmNlYmJlONgCBuACAQ&aid=304142&sid=b37dcb93e81f75515223d6e9855a421c&source=search_box
Нант
Currency Icon is enabled: true
Currency Icon Pop-up is displayed: true
Currency : Ищете другие варианты досуга?
Эта страница будет постепенно заполняться, по мере того как места будут открываться для посетителей.
Currency : Украинская гривна
UAH
Currency : Местная валюта
€$£
Currency : Австралийский доллар
AUD
Currency : Азербайджанский манат
AZN
Currency : Аргентинское песо
ARS
Currency : Бахрейнский динар
BHD
Currency : Болгарский лев
BGN
Currency : Бразильский реал
BRL
Currency : Венгерский форинт
HUF
Currency : Гонконгский доллар
HKD
Currency : Грузинский лари
GEL
Currency : Датская крона
DKK
Currency : Дирхам ОАЭ
AED
Currency : Доллар США
USD
]]></system-out>
    <system-err><![CDATA[Starting ChromeDriver 97.0.4692.71 (adefa7837d02a07a604c1e6eff0b3a09422ab88d-refs/branch-heads/4692@{#1247}) on port 53729
Only local connections are allowed.
Please see https://chromedriver.chromium.org/security-considerations for suggestions on keeping ChromeDriver safe.
ChromeDriver was started successfully.
??? 04, 2022 8:50:34 AM org.openqa.selenium.remote.ProtocolHandshake createSession
INFO: Detected dialect: W3C
??? 04, 2022 8:50:34 AM org.openqa.selenium.devtools.CdpVersionFinder findNearestMatch
WARNING: Unable to find an exact match for CDP version 97, so returning the closest version found: 96
??? 04, 2022 8:50:34 AM org.openqa.selenium.devtools.CdpVersionFinder findNearestMatch
INFO: Found CDP implementation for version 97 of 96
]]></system-err>
  </testcase>
  <testcase name="checkFlightTicket" classname="tests.CheckFlightsPage" time="17.832">
    <system-out><![CDATA[https://www.booking.com/index.ru.html?label=gen173nr-1BCAEoggI46AdIM1gEaOkBiAEBmAEhuAEXyAEM2AEB6AEBiAIBqAIDuALNmfOPBsACAdICJDI4YzQzYWU3LWIyY2EtNDQ4Zi1hZTIxLTNlNDNkNjEzMjkyNNgCBeACAQ;sid=3fbdad5854012f404da4edd6db789ea2;keep_landing=1&sb_price_type=total&
Flights button is displayed: true
Flights button is enabled: true
One way button is displayed: true
popUp Airport is enabled: true
Kyiv airport was deleted
Empty Search Box From is enabled: true
Kharkiv Airport is enabled: true
Empty Search Box To is enabled: true
Barcelona Airport is displayed: true
ClassCastException
Calendar is displayed: true
Ticket is displayed: true
The title is: Ваш рейс в город Barcelona
]]></system-out>
    <system-err><![CDATA[Starting ChromeDriver 97.0.4692.71 (adefa7837d02a07a604c1e6eff0b3a09422ab88d-refs/branch-heads/4692@{#1247}) on port 55608
Only local connections are allowed.
Please see https://chromedriver.chromium.org/security-considerations for suggestions on keeping ChromeDriver safe.
ChromeDriver was started successfully.
??? 04, 2022 8:50:53 AM org.openqa.selenium.remote.ProtocolHandshake createSession
INFO: Detected dialect: W3C
??? 04, 2022 8:50:53 AM org.openqa.selenium.devtools.CdpVersionFinder findNearestMatch
WARNING: Unable to find an exact match for CDP version 97, so returning the closest version found: 96
??? 04, 2022 8:50:53 AM org.openqa.selenium.devtools.CdpVersionFinder findNearestMatch
INFO: Found CDP implementation for version 97 of 96
]]></system-err>
  </testcase>
  <testcase name="checksForLanguageChanges" classname="tests.CheckForLanguageChange" time="29.464">
    <failure message="The following asserts failed:&#10;	The wrong language is displayed on the page Flights expected [Compare and book flights with ease] but found [Порівнюйте і бронюйте перельоти з легкістю]" type="java.lang.AssertionError"><![CDATA[java.lang.AssertionError: 
The following asserts failed:
	The wrong language is displayed on the page Flights expected [Compare and book flights with ease] but found [Порівнюйте і бронюйте перельоти з легкістю]
	at tests.CheckForLanguageChange.checksForLanguageChanges(CheckForLanguageChange.java:30)
]]></failure>
    <system-out><![CDATA[https://www.booking.com/index.ru.html?label=gen173nr-1BCAEoggI46AdIM1gEaOkBiAEBmAEhuAEXyAEM2AEB6AEBiAIBqAIDuALgmfOPBsACAdICJGY4ZDY5OWEwLTM3NWYtNDg1MC04ZjYxLWIyMmJhY2RhOGFmNdgCBeACAQ;sid=5fbac5b7d1c48b28c1b32ea42a53a772;keep_landing=1&sb_price_type=total&
Language button is enabled: true
Language popup is displayed: true
English language button is enabled: true
Everything is fine. Language popup isn't displayed.
Find your next stay
Аренда автомобилей для любой поездки
Находите и бронируйте отличные варианты досуга
Забронируйте такси от/до аэропорта
Порівнюйте і бронюйте перельоти з легкістю
]]></system-out>
    <system-err><![CDATA[Starting ChromeDriver 97.0.4692.71 (adefa7837d02a07a604c1e6eff0b3a09422ab88d-refs/branch-heads/4692@{#1247}) on port 49393
Only local connections are allowed.
Please see https://chromedriver.chromium.org/security-considerations for suggestions on keeping ChromeDriver safe.
ChromeDriver was started successfully.
??? 04, 2022 8:51:12 AM org.openqa.selenium.remote.ProtocolHandshake createSession
INFO: Detected dialect: W3C
??? 04, 2022 8:51:12 AM org.openqa.selenium.devtools.CdpVersionFinder findNearestMatch
WARNING: Unable to find an exact match for CDP version 97, so returning the closest version found: 96
??? 04, 2022 8:51:12 AM org.openqa.selenium.devtools.CdpVersionFinder findNearestMatch
INFO: Found CDP implementation for version 97 of 96
]]></system-err>
  </testcase>
  <testcase name="checkQuestionMarkButtonOpensHelpCenter" classname="tests.CheckHelpCenterPage" time="6.585">
    <system-out><![CDATA[https://www.booking.com/index.ru.html?label=gen173nr-1BCAEoggI46AdIM1gEaOkBiAEBmAEhuAEXyAEM2AEB6AEBiAIBqAIDuAL-mfOPBsACAdICJDI0M2MzZjA4LTM5ZDUtNGU5OC04Yzc4LWQ3MWYzOTEyMDEwNNgCBeACAQ;sid=59c6838aedb5088c3acf81dc26415727;keep_landing=1&sb_price_type=total&
Question mark button is enabled: true
Help Center page is displayed:true
Title of Help Center page: 
]]></system-out>
    <system-err><![CDATA[Starting ChromeDriver 97.0.4692.71 (adefa7837d02a07a604c1e6eff0b3a09422ab88d-refs/branch-heads/4692@{#1247}) on port 58927
Only local connections are allowed.
Please see https://chromedriver.chromium.org/security-considerations for suggestions on keeping ChromeDriver safe.
ChromeDriver was started successfully.
??? 04, 2022 8:51:42 AM org.openqa.selenium.remote.ProtocolHandshake createSession
INFO: Detected dialect: W3C
??? 04, 2022 8:51:42 AM org.openqa.selenium.devtools.CdpVersionFinder findNearestMatch
WARNING: Unable to find an exact match for CDP version 97, so returning the closest version found: 96
??? 04, 2022 8:51:42 AM org.openqa.selenium.devtools.CdpVersionFinder findNearestMatch
INFO: Found CDP implementation for version 97 of 96
]]></system-err>
  </testcase>
  <testcase name="checkValidDataLogIn[anneta792@gmail.com, Kozyreva89](1)" classname="tests.CheckLoginPage" time="7.368">
    <failure message="The wrong title is displayed on the Password Page! expected [Введите пароль] but found [Войдите или создайте аккаунт]" type="java.lang.AssertionError"><![CDATA[java.lang.AssertionError: The wrong title is displayed on the Password Page! expected [Введите пароль] but found [Войдите или создайте аккаунт]
	at tests.CheckLoginPage.checkValidDataLogIn(CheckLoginPage.java:30)
]]></failure>
    <system-out><![CDATA[https://www.booking.com/index.ru.html?label=gen173nr-1BCAEoggI46AdIM1gEaOkBiAEBmAEhuAEXyAEM2AEB6AEBiAIBqAIDuAKFmvOPBsACAdICJDVjOGRjMWYyLTE2ZjAtNDdmYS1hZjcwLWU4MzU1YWFmYWM2ZdgCBeACAQ;sid=678edc9704a39962794bbc5a6897f5f5;keep_landing=1&sb_price_type=total&
Login button is enabled: true
https://account.booking.com/sign-in?op_token=EgVvYXV0aCKTBQoUdk8xS2Jsazd4WDl0VW4yY3BaTFMSCWF1dGhvcml6ZRo1aHR0cHM6Ly9zZWN1cmUuYm9va2luZy5jb20vbG9naW4uaHRtbD9vcD1vYXV0aF9yZXR1cm4qsgRVcUlENUs5NlpIWXo0eDVQdlN4bE9yaFJ6bERvV3Azc3FmM0JmQU0wYmIyRVpsVHdNcFNpZ2hQUlVqbTA4Tm8wNkdWUFl5aDV5MEZEOHYxaXRjWDlxbTlLRWc3WWNIV2psV1g5WWNqMXNUYXFJUlQzNmZ1aTVUZGxkQjRmUHJSNUZDRTA3RjZsTF9jd3F6dGp6OTYydDVuZkxmbkN5VlRIZks4d1B5S2pic0JKcFQ4THdzdWRnVmNJU2ViR3lhYVk3eDdValZiXzlHUTFLc2hBSUREeTE4bFNCS1puQUVjSW1rbjA5R1hod2FnbW5Td3Q3R2VQTG1McXFubE91Sk80RFZXM3RtSVluZnJadFpiVTdGZ2M4MF9sTzZUR2FROUJZUTdNSGxQTHVqQWVXOWVDTVZEZXRfQU56ZWx3Nlh1N0pwUVhlY05PQk5DT2k4bnlwcURRa0JpU21Ya2ptNVV3QXJ3WWJoRnViYThCNGFGR1pOLWFxZmhJWXVvOEpzRFR1aU1kaWgydTVSRXQzb0VRTXlOYW15eXhHYm5LY1Q5dVkzSVVjNVlRSW05cWRaSzVyajF4bGpBTE1mRTVDUGJIakF4WWhwem1OaFZRZU84c1ZHdkhLaTV5N1cwcnVrQ21aY2xUb2NGNXZ0M0IybnJwVEY0UHltOW82a3lpR0pySUVVc2N3aGxaZTNyTUROZkVWNU9rZnVDM1YyUkEyX2dCZ0JNVC1QbzctcjZSQkxCdzd3QgRjb2RlKhYIjsgSMJ2ngOLgsCU6AEIAWIma848G
Войдите или создайте аккаунт
https://account.booking.com/sign-in?op_token=EgVvYXV0aCKTBQoUdk8xS2Jsazd4WDl0VW4yY3BaTFMSCWF1dGhvcml6ZRo1aHR0cHM6Ly9zZWN1cmUuYm9va2luZy5jb20vbG9naW4uaHRtbD9vcD1vYXV0aF9yZXR1cm4qsgRVcUlENUs5NlpIWXo0eDVQdlN4bE9yaFJ6bERvV3Azc3FmM0JmQU0wYmIyRVpsVHdNcFNpZ2hQUlVqbTA4Tm8wNkdWUFl5aDV5MEZEOHYxaXRjWDlxbTlLRWc3WWNIV2psV1g5WWNqMXNUYXFJUlQzNmZ1aTVUZGxkQjRmUHJSNUZDRTA3RjZsTF9jd3F6dGp6OTYydDVuZkxmbkN5VlRIZks4d1B5S2pic0JKcFQ4THdzdWRnVmNJU2ViR3lhYVk3eDdValZiXzlHUTFLc2hBSUREeTE4bFNCS1puQUVjSW1rbjA5R1hod2FnbW5Td3Q3R2VQTG1McXFubE91Sk80RFZXM3RtSVluZnJadFpiVTdGZ2M4MF9sTzZUR2FROUJZUTdNSGxQTHVqQWVXOWVDTVZEZXRfQU56ZWx3Nlh1N0pwUVhlY05PQk5DT2k4bnlwcURRa0JpU21Ya2ptNVV3QXJ3WWJoRnViYThCNGFGR1pOLWFxZmhJWXVvOEpzRFR1aU1kaWgydTVSRXQzb0VRTXlOYW15eXhHYm5LY1Q5dVkzSVVjNVlRSW05cWRaSzVyajF4bGpBTE1mRTVDUGJIakF4WWhwem1OaFZRZU84c1ZHdkhLaTV5N1cwcnVrQ21aY2xUb2NGNXZ0M0IybnJwVEY0UHltOW82a3lpR0pySUVVc2N3aGxaZTNyTUROZkVWNU9rZnVDM1YyUkEyX2dCZ0JNVC1QbzctcjZSQkxCdzd3QgRjb2RlKhYIjsgSMJ2ngOLgsCU6AEIAWIma848G
Войдите или создайте аккаунт
]]></system-out>
    <system-err><![CDATA[Starting ChromeDriver 97.0.4692.71 (adefa7837d02a07a604c1e6eff0b3a09422ab88d-refs/branch-heads/4692@{#1247}) on port 56857
Only local connections are allowed.
Please see https://chromedriver.chromium.org/security-considerations for suggestions on keeping ChromeDriver safe.
ChromeDriver was started successfully.
??? 04, 2022 8:51:49 AM org.openqa.selenium.remote.ProtocolHandshake createSession
INFO: Detected dialect: W3C
??? 04, 2022 8:51:49 AM org.openqa.selenium.devtools.CdpVersionFinder findNearestMatch
WARNING: Unable to find an exact match for CDP version 97, so returning the closest version found: 96
??? 04, 2022 8:51:49 AM org.openqa.selenium.devtools.CdpVersionFinder findNearestMatch
INFO: Found CDP implementation for version 97 of 96
]]></system-err>
  </testcase>
  <testcase name="checkPopularTour" classname="tests.CheckPopularTour" time="15.657">
    <system-out><![CDATA[https://www.booking.com/index.ru.html?label=gen173nr-1BCAEoggI46AdIM1gEaOkBiAEBmAEhuAEXyAEM2AEB6AEBiAIBqAIDuAKOmvOPBsACAdICJGYyYzllMzMxLWEwNzgtNGExYy05NGEwLWQ5NmY3Yzk3MjI2OdgCBeACAQ;sid=c4cb9a0b919c703ff7ebeea16e8149bf;keep_landing=1&sb_price_type=total&
Attractions button is displayed: true
Attractions button is enabled: true
Current title is: Находите и бронируйте отличные варианты досуга
Top destination is displayed: true
ClassCastException
Category Tours is displayed: true
Category Tours is enabled: true
Category Popular This Week is enabled: true
The title is: Хор-Дубай — круиз с трансфером по желанию
]]></system-out>
    <system-err><![CDATA[Starting ChromeDriver 97.0.4692.71 (adefa7837d02a07a604c1e6eff0b3a09422ab88d-refs/branch-heads/4692@{#1247}) on port 54615
Only local connections are allowed.
Please see https://chromedriver.chromium.org/security-considerations for suggestions on keeping ChromeDriver safe.
ChromeDriver was started successfully.
??? 04, 2022 8:51:58 AM org.openqa.selenium.remote.ProtocolHandshake createSession
INFO: Detected dialect: W3C
??? 04, 2022 8:51:58 AM org.openqa.selenium.devtools.CdpVersionFinder findNearestMatch
WARNING: Unable to find an exact match for CDP version 97, so returning the closest version found: 96
??? 04, 2022 8:51:58 AM org.openqa.selenium.devtools.CdpVersionFinder findNearestMatch
INFO: Found CDP implementation for version 97 of 96
]]></system-err>
  </testcase>
  <testcase name="checkRegistrationViaEmail" classname="tests.CheckRegistrationViaEmail" time="7.874">
    <system-out><![CDATA[https://www.booking.com/index.ru.html?label=gen173nr-1BCAEoggI46AdIM1gEaOkBiAEBmAEhuAEXyAEM2AEB6AEBiAIBqAIDuAKemvOPBsACAdICJDA3Y2M0NzIzLWVhODEtNGNhYi1hYjJiLTIwMDUwODc1N2YzZtgCBeACAQ;sid=2c13900d662f7464cdf229d0bb9bcf67;keep_landing=1&sb_price_type=total&
Register button is enabled: true
Registration button title: Зарегистрироваться
Register page is displayed: true
Register page title: Войдите или создайте аккаунт
Input field is enable: true
Label text of input field: Адрес электронной почты
Input field contains: 
Register button is enable: true
Register button title: 
Email for the test: tanya.finogentova@gmail.com
Title after click on Register button: Войдите или создайте аккаунт
Register button is enable: true
Register button title: 
]]></system-out>
    <system-err><![CDATA[Starting ChromeDriver 97.0.4692.71 (adefa7837d02a07a604c1e6eff0b3a09422ab88d-refs/branch-heads/4692@{#1247}) on port 52592
Only local connections are allowed.
Please see https://chromedriver.chromium.org/security-considerations for suggestions on keeping ChromeDriver safe.
ChromeDriver was started successfully.
??? 04, 2022 8:52:14 AM org.openqa.selenium.remote.ProtocolHandshake createSession
INFO: Detected dialect: W3C
??? 04, 2022 8:52:14 AM org.openqa.selenium.devtools.CdpVersionFinder findNearestMatch
WARNING: Unable to find an exact match for CDP version 97, so returning the closest version found: 96
??? 04, 2022 8:52:14 AM org.openqa.selenium.devtools.CdpVersionFinder findNearestMatch
INFO: Found CDP implementation for version 97 of 96
]]></system-err>
  </testcase>
  <testcase name="checkReturnToBasePage" classname="tests.CheckReturnToBasePage" time="14.55">
    <system-out><![CDATA[https://www.booking.com/index.ru.html?label=gen173nr-1BCAEoggI46AdIM1gEaOkBiAEBmAEhuAEXyAEM2AEB6AEBiAIBqAIDuAKmmvOPBsACAdICJDFkZjdlY2Y5LWU0NmItNDdhZC1hN2E4LWY1NGVhOGRiMDUyMdgCBeACAQ;sid=c4de7fa91ba669335324fec05c348d42;keep_landing=1&sb_price_type=total&
Stays button is enabled: true
Current title is: Найдите жилье для новой поездки
Car Rentals button is displayed: true
Car Rentals button is enabled: true
Current title is: Аренда автомобилей для любой поездки
Stays button is enabled: true
Attractions button is displayed: true
Current title is: Находите и бронируйте отличные варианты досуга
Stays button is enabled: true
]]></system-out>
    <system-err><![CDATA[Starting ChromeDriver 97.0.4692.71 (adefa7837d02a07a604c1e6eff0b3a09422ab88d-refs/branch-heads/4692@{#1247}) on port 56027
Only local connections are allowed.
Please see https://chromedriver.chromium.org/security-considerations for suggestions on keeping ChromeDriver safe.
ChromeDriver was started successfully.
??? 04, 2022 8:52:22 AM org.openqa.selenium.remote.ProtocolHandshake createSession
INFO: Detected dialect: W3C
??? 04, 2022 8:52:22 AM org.openqa.selenium.devtools.CdpVersionFinder findNearestMatch
WARNING: Unable to find an exact match for CDP version 97, so returning the closest version found: 96
??? 04, 2022 8:52:22 AM org.openqa.selenium.devtools.CdpVersionFinder findNearestMatch
INFO: Found CDP implementation for version 97 of 96
]]></system-err>
  </testcase>
  <testcase name="checkChoosingStaysOnStaysPage" classname="tests.CheckStaysPage" time="13.488">
    <system-out><![CDATA[https://www.booking.com/index.ru.html?label=gen173nr-1BCAEoggI46AdIM1gEaOkBiAEBmAEhuAEXyAEM2AEB6AEBiAIBqAIDuAK2mvOPBsACAdICJDQ0MjcxMTU5LTU2ZDgtNGNlMi1hMzcwLWMxOTlmZDQyOWRiONgCBeACAQ;sid=2eeadcd179c6a0fdb2cfc5afd0454d45;keep_landing=1&sb_price_type=total&
Stays button is enabled: true
Stays button is selected: true
Input field 'Destination' is enabled: true
Dates check-in button is enabled: true
Calendar is displayed: true
rgb(0, 113, 194) none repeat scroll 0% 0% / auto padding-box border-box
Dates checkout button is enabled: true
rgb(0, 113, 194) none repeat scroll 0% 0% / auto padding-box border-box
Calendar is displayed: false
пн, 14 февр.
вт, 15 февр.
Adults count before changes: 2 взрослых
Children count before changes: без детей
Room count before changes: 1 номер
Guests inputs container is displayed: true
Adults count after changes: 3 взрослых
Children count after changes: без детей
Room count after changes: 2 номера
Prices button is enabled: true
https://www.booking.com/searchresults.ru.html?label=gen173nr-1FCAEoggI46AdIM1gEaOkBiAEBmAEhuAEXyAEM2AEB6AEB-AELiAIBqAIDuAK2mvOPBsACAdICJDQ0MjcxMTU5LTU2ZDgtNGNlMi1hMzcwLWMxOTlmZDQyOWRiONgCBuACAQ&sid=2eeadcd179c6a0fdb2cfc5afd0454d45&sb=1&sb_lp=1&src=index&src_elem=sb&error_url=https%3A%2F%2Fwww.booking.com%2Findex.ru.html%3Flabel%3Dgen173nr-1FCAEoggI46AdIM1gEaOkBiAEBmAEhuAEXyAEM2AEB6AEB-AELiAIBqAIDuAK2mvOPBsACAdICJDQ0MjcxMTU5LTU2ZDgtNGNlMi1hMzcwLWMxOTlmZDQyOWRiONgCBuACAQ%3Bsid%3D2eeadcd179c6a0fdb2cfc5afd0454d45%3Bsb_price_type%3Dtotal%26%3B&ss=%D0%91%D1%83%D0%BA%D0%BE%D0%B2%D0%B5%D0%BB%D1%8C&is_ski_area=0&checkin_year=2022&checkin_month=2&checkin_monthday=14&checkout_year=2022&checkout_month=2&checkout_monthday=15&group_adults=3&group_children=0&no_rooms=2&b_h4u_keep_filters=&from_sf=1
Буковель
]]></system-out>
    <system-err><![CDATA[Starting ChromeDriver 97.0.4692.71 (adefa7837d02a07a604c1e6eff0b3a09422ab88d-refs/branch-heads/4692@{#1247}) on port 51113
Only local connections are allowed.
Please see https://chromedriver.chromium.org/security-considerations for suggestions on keeping ChromeDriver safe.
ChromeDriver was started successfully.
??? 04, 2022 8:52:38 AM org.openqa.selenium.remote.ProtocolHandshake createSession
INFO: Detected dialect: W3C
??? 04, 2022 8:52:38 AM org.openqa.selenium.devtools.CdpVersionFinder findNearestMatch
WARNING: Unable to find an exact match for CDP version 97, so returning the closest version found: 96
??? 04, 2022 8:52:38 AM org.openqa.selenium.devtools.CdpVersionFinder findNearestMatch
INFO: Found CDP implementation for version 97 of 96
]]></system-err>
  </testcase>
  <testcase name="checkFilterPriceLess2000" classname="tests.CheckStaysResultPage" time="29.028">
    <system-out><![CDATA[https://www.booking.com/index.ru.html?label=gen173nr-1BCAEoggI46AdIM1gEaOkBiAEBmAEhuAEXyAEM2AEB6AEBiAIBqAIDuALEmvOPBsACAdICJGFmNDM4Y2JmLWY5Y2YtNDQ3Zi04YmQzLWFhMTA3ZGNmZmNiMtgCBeACAQ;sid=fb80ef2215c62ddc9b3c287572e1cb9e;keep_landing=1&sb_price_type=total&
Stays button is enabled: true
Prices button is enabled: true
https://www.booking.com/searchresults.ru.html?label=gen173nr-1FCAEoggI46AdIM1gEaOkBiAEBmAEhuAEXyAEM2AEB6AEB-AELiAIBqAIDuALEmvOPBsACAdICJGFmNDM4Y2JmLWY5Y2YtNDQ3Zi04YmQzLWFhMTA3ZGNmZmNiMtgCBuACAQ&sid=fb80ef2215c62ddc9b3c287572e1cb9e&sb=1&sb_lp=1&src=index&src_elem=sb&error_url=https%3A%2F%2Fwww.booking.com%2Findex.ru.html%3Flabel%3Dgen173nr-1FCAEoggI46AdIM1gEaOkBiAEBmAEhuAEXyAEM2AEB6AEB-AELiAIBqAIDuALEmvOPBsACAdICJGFmNDM4Y2JmLWY5Y2YtNDQ3Zi04YmQzLWFhMTA3ZGNmZmNiMtgCBuACAQ%3Bsid%3Dfb80ef2215c62ddc9b3c287572e1cb9e%3Bsb_price_type%3Dtotal%26%3B&ss=%D0%91%D1%83%D0%BA%D0%BE%D0%B2%D0%B5%D0%BB%D1%8C&is_ski_area=0&checkin_year=2022&checkin_month=2&checkin_monthday=14&checkout_year=2022&checkout_month=2&checkout_monthday=15&group_adults=2&group_children=0&no_rooms=1&b_h4u_keep_filters=&from_sf=1
Буковель
Filter popup is displayed: true
Price filter 'Less2000' is displayed: true
Checkbox for price filter 'Less 2000' is enabled: true

Overlay card isn't displayed
'Popularity' button is displayed: true
'Houses and apartments first' button is displayed: true
'From low price' button is displayed: true
Буковель
1 500
1 500
1 343
950
1 400
1 200
1 540
1 400
1 500
980
1 320
1 230
1 200
1 000
1 100
1 350
900
1 100
1 540
1 560
1 036
997
800
1 200
1 100
]]></system-out>
    <system-err><![CDATA[Starting ChromeDriver 97.0.4692.71 (adefa7837d02a07a604c1e6eff0b3a09422ab88d-refs/branch-heads/4692@{#1247}) on port 52672
Only local connections are allowed.
Please see https://chromedriver.chromium.org/security-considerations for suggestions on keeping ChromeDriver safe.
ChromeDriver was started successfully.
??? 04, 2022 8:52:52 AM org.openqa.selenium.remote.ProtocolHandshake createSession
INFO: Detected dialect: W3C
??? 04, 2022 8:52:52 AM org.openqa.selenium.devtools.CdpVersionFinder findNearestMatch
WARNING: Unable to find an exact match for CDP version 97, so returning the closest version found: 96
??? 04, 2022 8:52:52 AM org.openqa.selenium.devtools.CdpVersionFinder findNearestMatch
INFO: Found CDP implementation for version 97 of 96
]]></system-err>
  </testcase>
</testsuite>