<?xml version="1.0" encoding="UTF-8"?>
<!-- Generated by org.testng.reporters.JUnitReportReporter -->
<testsuite skipped="0" hostname="DESKTOP-HCHNUOI" name="tests.CheckAttractionsPageSearch" tests="1" failures="0" timestamp="2022-02-04T08:53:20 EET" time="18.176" errors="0">
  <testcase name="CheckAttractionsPageSearch" time="18.176" classname="tests.CheckAttractionsPageSearch"/>
  <system-out/>
</testsuite> <!-- tests.CheckAttractionsPageSearch -->
