<?xml version="1.0" encoding="UTF-8"?>
<!-- Generated by org.testng.reporters.JUnitReportReporter -->
<testsuite skipped="0" hostname="DESKTOP-HCHNUOI" name="tests.CheckRegistrationViaEmail" tests="1" failures="0" timestamp="2022-02-03T23:22:55 EET" time="6.529" errors="0">
  <testcase name="checkRegistrationViaEmail" time="6.529" classname="tests.CheckRegistrationViaEmail"/>
  <system-out/>
</testsuite> <!-- tests.CheckRegistrationViaEmail -->
