<?xml version="1.0" encoding="UTF-8"?>
<!-- Generated by org.testng.reporters.JUnitReportReporter -->
<testsuite skipped="0" hostname="DESKTOP-HCHNUOI" name="tests.CheckRegistrationViaEmail" tests="1" failures="0" timestamp="2022-02-04T00:14:44 EET" time="9.916" errors="0">
  <testcase name="checkRegistrationViaEmail" time="9.916" classname="tests.CheckRegistrationViaEmail"/>
  <system-out/>
</testsuite> <!-- tests.CheckRegistrationViaEmail -->
