<?xml version="1.0" encoding="UTF-8"?>
<!-- Generated by org.testng.reporters.JUnitReportReporter -->
<testsuite skipped="0" hostname="DESKTOP-HCHNUOI" name="tests.CheckAttractionsPageSearch" tests="1" failures="0" timestamp="2022-02-04T00:14:44 EET" time="12.128" errors="0">
  <testcase name="CheckAttractionsPageSearch" time="12.128" classname="tests.CheckAttractionsPageSearch"/>
  <system-out/>
</testsuite> <!-- tests.CheckAttractionsPageSearch -->
