<?xml version="1.0" encoding="UTF-8"?>
<!-- Generated by org.testng.reporters.JUnitReportReporter -->
<testsuite skipped="0" hostname="DESKTOP-HCHNUOI" name="tests.CheckFlightsPage" tests="1" failures="0" timestamp="2022-02-04T08:53:20 EET" time="18.635" errors="0">
  <testcase name="checkFlightTicket" time="18.635" classname="tests.CheckFlightsPage"/>
  <system-out/>
</testsuite> <!-- tests.CheckFlightsPage -->
