<?xml version="1.0" encoding="UTF-8"?>
<!-- Generated by org.testng.reporters.JUnitReportReporter -->
<testsuite skipped="0" hostname="DESKTOP-HCHNUOI" name="tests.CheckHelpCenterPage" tests="1" failures="0" timestamp="2022-02-03T23:22:55 EET" time="5.079" errors="0">
  <testcase name="checkQuestionMarkButtonOpensHelpCenter" time="5.079" classname="tests.CheckHelpCenterPage"/>
  <system-out/>
</testsuite> <!-- tests.CheckHelpCenterPage -->
