<?xml version="1.0" encoding="UTF-8"?>
<!-- Generated by org.testng.reporters.JUnitReportReporter -->
<testsuite skipped="0" hostname="DESKTOP-HCHNUOI" name="tests.CheckHelpCenterPage" tests="1" failures="0" timestamp="2022-02-04T08:53:20 EET" time="7.419" errors="0">
  <testcase name="checkQuestionMarkButtonOpensHelpCenter" time="7.419" classname="tests.CheckHelpCenterPage"/>
  <system-out/>
</testsuite> <!-- tests.CheckHelpCenterPage -->
