<?xml version="1.0" encoding="UTF-8"?>
<!-- Generated by org.testng.reporters.JUnitReportReporter -->
<testsuite skipped="0" hostname="DESKTOP-HCHNUOI" name="tests.CheckLoginPage" tests="1" failures="0" timestamp="2022-02-04T00:14:44 EET" time="8.476" errors="0">
  <testcase name="checkValidDataLogIn" time="8.476" classname="tests.CheckLoginPage"/>
  <system-out/>
</testsuite> <!-- tests.CheckLoginPage -->
