<?xml version="1.0" encoding="UTF-8"?>
<!-- Generated by org.testng.reporters.JUnitReportReporter -->
<testsuite skipped="0" hostname="DESKTOP-HCHNUOI" name="tests.CheckCurrencyChangeAttractionPage" tests="1" failures="0" timestamp="2022-02-04T08:53:20 EET" time="19.288" errors="0">
  <testcase name="CheckCurrencyChangeAttractionPage" time="19.288" classname="tests.CheckCurrencyChangeAttractionPage"/>
  <system-out/>
</testsuite> <!-- tests.CheckCurrencyChangeAttractionPage -->
