<?xml version="1.0" encoding="UTF-8"?>
<!-- Generated by org.testng.reporters.JUnitReportReporter -->
<testsuite skipped="0" hostname="DESKTOP-HCHNUOI" name="tests.CheckStaysResultPage" tests="1" failures="0" timestamp="2022-02-02T22:37:15 EET" time="11.141" errors="0">
  <testcase name="checkFilterPriceLess2000" time="11.141" classname="tests.CheckStaysResultPage"/>
  <system-out/>
</testsuite> <!-- tests.CheckStaysResultPage -->
