<?xml version="1.0" encoding="UTF-8"?>
<!-- Generated by org.testng.reporters.JUnitReportReporter -->
<testsuite skipped="0" hostname="DESKTOP-HCHNUOI" name="tests.CheckPopularTour" tests="1" failures="0" timestamp="2022-02-04T08:53:20 EET" time="16.323" errors="0">
  <testcase name="checkPopularTour" time="16.323" classname="tests.CheckPopularTour"/>
  <system-out/>
</testsuite> <!-- tests.CheckPopularTour -->
