<?xml version="1.0" encoding="UTF-8"?>
<!-- Generated by org.testng.reporters.JUnitReportReporter -->
<testsuite skipped="0" hostname="DESKTOP-HCHNUOI" name="tests.CheckStaysResultPage" tests="1" failures="0" timestamp="2022-02-02T18:50:18 EET" time="18.235" errors="0">
  <testcase name="checkFilterPriceLess2000" time="18.235" classname="tests.CheckStaysResultPage"/>
  <system-out/>
</testsuite> <!-- tests.CheckStaysResultPage -->
