<?xml version="1.0" encoding="UTF-8"?>
<!-- Generated by org.testng.reporters.JUnitReportReporter -->
<testsuite skipped="0" hostname="DESKTOP-HCHNUOI" name="tests.CheckFlightsPage" tests="1" failures="0" timestamp="2022-02-04T00:14:44 EET" time="22.523" errors="0">
  <testcase name="checkFlightTicket" time="22.523" classname="tests.CheckFlightsPage"/>
  <system-out/>
</testsuite> <!-- tests.CheckFlightsPage -->
