<?xml version="1.0" encoding="UTF-8"?>
<!-- Generated by org.testng.reporters.JUnitReportReporter -->
<testsuite skipped="0" hostname="DESKTOP-HCHNUOI" name="tests.CheckReturnToBasePage" tests="1" failures="0" timestamp="2022-02-03T23:22:55 EET" time="8.348" errors="0">
  <testcase name="checkReturnToBasePage" time="8.348" classname="tests.CheckReturnToBasePage"/>
  <system-out/>
</testsuite> <!-- tests.CheckReturnToBasePage -->
