<?xml version="1.0" encoding="UTF-8"?>
<!-- Generated by org.testng.reporters.JUnitReportReporter -->
<testsuite skipped="0" hostname="DESKTOP-HCHNUOI" name="tests.CheckStaysPage" tests="1" failures="0" timestamp="2022-02-02T18:50:18 EET" time="17.979" errors="0">
  <testcase name="checksChoosingStaysOnStaysPage" time="17.979" classname="tests.CheckStaysPage"/>
  <system-out/>
</testsuite> <!-- tests.CheckStaysPage -->
