<?xml version="1.0" encoding="UTF-8"?>
<!-- Generated by org.testng.reporters.JUnitReportReporter -->
<testsuite skipped="0" hostname="DESKTOP-HCHNUOI" name="tests.CheckCarRentalCoronavirusPage" tests="1" failures="0" timestamp="2022-02-04T08:53:20 EET" time="12.043" errors="0">
  <testcase name="checkCarRentalCoronavirusPage" time="12.043" classname="tests.CheckCarRentalCoronavirusPage"/>
  <system-out/>
</testsuite> <!-- tests.CheckCarRentalCoronavirusPage -->
