<?xml version="1.0" encoding="UTF-8"?>
<!-- Generated by org.testng.reporters.JUnitReportReporter -->
<testsuite skipped="0" hostname="DESKTOP-HCHNUOI" name="tests.CheckStaysPage" tests="1" failures="0" timestamp="2022-02-04T08:53:20 EET" time="14.231" errors="0">
  <testcase name="checkChoosingStaysOnStaysPage" time="14.231" classname="tests.CheckStaysPage"/>
  <system-out/>
</testsuite> <!-- tests.CheckStaysPage -->
