<?xml version="1.0" encoding="UTF-8"?>
<!-- Generated by org.testng.reporters.JUnitReportReporter -->
<testsuite skipped="0" hostname="DESKTOP-HCHNUOI" name="tests.CheckCarRentalCoronavirusPage" tests="1" failures="0" timestamp="2022-02-04T00:14:44 EET" time="6.687" errors="0">
  <testcase name="checkCarRentalCoronavirusPage" time="6.687" classname="tests.CheckCarRentalCoronavirusPage"/>
  <system-out/>
</testsuite> <!-- tests.CheckCarRentalCoronavirusPage -->
